<?xml version="1.0" encoding="UTF-8"?>
<!-- Generated by org.testng.reporters.JUnitReportReporter -->
<testsuite hostname="LAPTOP-8K2UGR6O" failures="0" tests="4" name="com.sddevops.DVOPSAssignment.NewTestListing" time="5.575" errors="0" timestamp="2022-02-23T05:09:00 SGT" skipped="0">
  <testcase classname="com.sddevops.DVOPSAssignment.NewTestListing" name="details" time="2.123"/>
  <testcase classname="com.sddevops.DVOPSAssignment.NewTestListing" name="checkLogin" time="2.443"/>
  <testcase classname="com.sddevops.DVOPSAssignment.NewTestListing" name="updateDeleteListing" time="0.548"/>
  <testcase classname="com.sddevops.DVOPSAssignment.NewTestListing" name="createListing" time="0.461"/>
</testsuite> <!-- com.sddevops.DVOPSAssignment.NewTestListing -->
