<?xml version="1.0" encoding="UTF-8"?>
<!-- Generated by org.testng.reporters.JUnitReportReporter -->
<testsuite hostname="LAPTOP-8K2UGR6O" failures="0" tests="4" name="com.sddevops.DVOPSAssignment.NewTestListing" time="5.187" errors="0" timestamp="2022-02-20T01:26:39 SGT" skipped="0">
  <testcase classname="com.sddevops.DVOPSAssignment.NewTestListing" name="checkLogin" time="2.255"/>
  <testcase classname="com.sddevops.DVOPSAssignment.NewTestListing" name="details" time="1.965"/>
  <testcase classname="com.sddevops.DVOPSAssignment.NewTestListing" name="updateDeleteListing" time="0.583"/>
  <testcase classname="com.sddevops.DVOPSAssignment.NewTestListing" name="createListing" time="0.384"/>
</testsuite> <!-- com.sddevops.DVOPSAssignment.NewTestListing -->
